# JRE version: OpenJDK Runtime Environment Microsoft-8035246 (17.0.8+7) (build 17.0.8+7-LTS)
# Java VM: OpenJDK 64-Bit Server VM Microsoft-8035246 (17.0.8+7-LTS, mixed mode, sharing, tiered, compressed oops, compressed class ptrs, g1 gc, windows-amd64)
GC Precious Log:
 CPUs: 4 total, 4 available
 Memory: 8071M
 Large Page Support: Disabled
 NUMA Support: Disabled
 Compressed Oops: Enabled (32-bit)
 Heap Region Size: 1M
 Heap Min Capacity: 8M
 Heap Initial Capacity: 128M
 Heap Max Capacity: 2G
 Pre-touch: Disabled
 Parallel Workers: 4
 Concurrent Workers: 1
 Concurrent Refinement Workers: 4
 Periodic GC: Disabled
Heap:
 garbage-first heap   total 250880K, used 200880K [0x0000000080000000, 0x0000000100000000)
  region size 1024K, 6 young (6144K), 2 survivors (2048K)
 Metaspace       used 103606K, committed 104704K, reserved 557056K
  class space    used 14472K, committed 15040K, reserved 425984K
GC Heap History (20 events):
Event: 228.727 GC heap before
{Heap before GC invocations=80 (full 0):
 garbage-first heap   total 250880K, used 204458K [0x0000000080000000, 0x0000000100000000)
  region size 1024K, 47 young (48128K), 7 survivors (7168K)
 Metaspace       used 97405K, committed 98432K, reserved 557056K
  class space    used 13659K, committed 14144K, reserved 425984K
}
Event: 228.755 GC heap after
{Heap after GC invocations=81 (full 0):
 garbage-first heap   total 250880K, used 173294K [0x0000000080000000, 0x0000000100000000)
  region size 1024K, 6 young (6144K), 6 survivors (6144K)
 Metaspace       used 97405K, committed 98432K, reserved 557056K
  class space    used 13659K, committed 14144K, reserved 425984K
}
Event: 229.764 GC heap before
{Heap before GC invocations=81 (full 0):
 garbage-first heap   total 250880K, used 206062K [0x0000000080000000, 0x0000000100000000)
  region size 1024K, 38 young (38912K), 6 survivors (6144K)
 Metaspace       used 99617K, committed 100736K, reserved 557056K
  class space    used 14018K, committed 14592K, reserved 425984K
}
Event: 229.787 GC heap after
{Heap after GC invocations=82 (full 0):
 garbage-first heap   total 250880K, used 176689K [0x0000000080000000, 0x0000000100000000)
  region size 1024K, 3 young (3072K), 3 survivors (3072K)
 Metaspace       used 99617K, committed 100736K, reserved 557056K
  class space    used 14018K, committed 14592K, reserved 425984K
}
Event: 234.701 GC heap before
{Heap before GC invocations=82 (full 0):
 garbage-first heap   total 250880K, used 208433K [0x0000000080000000, 0x0000000100000000)
  region size 1024K, 34 young (34816K), 3 survivors (3072K)
 Metaspace       used 101507K, committed 102592K, reserved 557056K
  class space    used 14249K, committed 14784K, reserved 425984K
}
Event: 234.719 GC heap after
{Heap after GC invocations=83 (full 0):
 garbage-first heap   total 250880K, used 179737K [0x0000000080000000, 0x0000000100000000)
  region size 1024K, 5 young (5120K), 5 survivors (5120K)
 Metaspace       used 101507K, committed 102592K, reserved 557056K
  class space    used 14249K, committed 14784K, reserved 425984K
}
Event: 239.203 GC heap before
{Heap before GC invocations=83 (full 0):
 garbage-first heap   total 250880K, used 210457K [0x0000000080000000, 0x0000000100000000)
  region size 1024K, 35 young (35840K), 5 survivors (5120K)
 Metaspace       used 102199K, committed 103296K, reserved 557056K
  class space    used 14315K, committed 14848K, reserved 425984K
}
Event: 239.224 GC heap after
{Heap after GC invocations=84 (full 0):
 garbage-first heap   total 250880K, used 183892K [0x0000000080000000, 0x0000000100000000)
  region size 1024K, 5 young (5120K), 5 survivors (5120K)
 Metaspace       used 102199K, committed 103296K, reserved 557056K
  class space    used 14315K, committed 14848K, reserved 425984K
}
Event: 244.228 GC heap before
{Heap before GC invocations=84 (full 0):
 garbage-first heap   total 250880K, used 212564K [0x0000000080000000, 0x0000000100000000)
  region size 1024K, 33 young (33792K), 5 survivors (5120K)
 Metaspace       used 102333K, committed 103424K, reserved 557056K
  class space    used 14316K, committed 14848K, reserved 425984K
}
Event: 244.241 GC heap after
{Heap after GC invocations=85 (full 0):
 garbage-first heap   total 250880K, used 186783K [0x0000000080000000, 0x0000000100000000)
  region size 1024K, 3 young (3072K), 3 survivors (3072K)
 Metaspace       used 102333K, committed 103424K, reserved 557056K
  class space    used 14316K, committed 14848K, reserved 425984K
}
Event: 246.241 GC heap before
{Heap before GC invocations=85 (full 0):
 garbage-first heap   total 250880K, used 213407K [0x0000000080000000, 0x0000000100000000)
  region size 1024K, 29 young (29696K), 3 survivors (3072K)
 Metaspace       used 102585K, committed 103744K, reserved 557056K
  class space    used 14341K, committed 14912K, reserved 425984K
}
Event: 246.264 GC heap after
{Heap after GC invocations=86 (full 0):
 garbage-first heap   total 250880K, used 190654K [0x0000000080000000, 0x0000000100000000)
  region size 1024K, 4 young (4096K), 4 survivors (4096K)
 Metaspace       used 102585K, committed 103744K, reserved 557056K
  class space    used 14341K, committed 14912K, reserved 425984K
}
Event: 247.201 GC heap before
{Heap before GC invocations=86 (full 0):
 garbage-first heap   total 250880K, used 213182K [0x0000000080000000, 0x0000000100000000)
  region size 1024K, 27 young (27648K), 4 survivors (4096K)
 Metaspace       used 103152K, committed 104320K, reserved 557056K
  class space    used 14420K, committed 14976K, reserved 425984K
}
Event: 247.212 GC heap after
{Heap after GC invocations=87 (full 0):
 garbage-first heap   total 250880K, used 192318K [0x0000000080000000, 0x0000000100000000)
  region size 1024K, 2 young (2048K), 2 survivors (2048K)
 Metaspace       used 103152K, committed 104320K, reserved 557056K
  class space    used 14420K, committed 14976K, reserved 425984K
}
Event: 248.964 GC heap before
{Heap before GC invocations=87 (full 0):
 garbage-first heap   total 250880K, used 215870K [0x0000000080000000, 0x0000000100000000)
  region size 1024K, 25 young (25600K), 2 survivors (2048K)
 Metaspace       used 103337K, committed 104448K, reserved 557056K
  class space    used 14427K, committed 14976K, reserved 425984K
}
Event: 248.971 GC heap after
{Heap after GC invocations=88 (full 0):
 garbage-first heap   total 250880K, used 193033K [0x0000000080000000, 0x0000000100000000)
  region size 1024K, 3 young (3072K), 3 survivors (3072K)
 Metaspace       used 103337K, committed 104448K, reserved 557056K
  class space    used 14427K, committed 14976K, reserved 425984K
}
Event: 249.831 GC heap before
{Heap before GC invocations=88 (full 0):
 garbage-first heap   total 250880K, used 216585K [0x0000000080000000, 0x0000000100000000)
  region size 1024K, 26 young (26624K), 3 survivors (3072K)
 Metaspace       used 103600K, committed 104704K, reserved 557056K
  class space    used 14472K, committed 15040K, reserved 425984K
}
Event: 249.841 GC heap after
{Heap after GC invocations=89 (full 0):
 garbage-first heap   total 250880K, used 196471K [0x0000000080000000, 0x0000000100000000)
  region size 1024K, 4 young (4096K), 4 survivors (4096K)
 Metaspace       used 103600K, committed 104704K, reserved 557056K
  class space    used 14472K, committed 15040K, reserved 425984K
}
Event: 250.619 GC heap before
{Heap before GC invocations=89 (full 0):
 garbage-first heap   total 250880K, used 215927K [0x0000000080000000, 0x0000000100000000)
  region size 1024K, 24 young (24576K), 4 survivors (4096K)
 Metaspace       used 103606K, committed 104704K, reserved 557056K
  class space    used 14472K, committed 15040K, reserved 425984K
}
Event: 250.631 GC heap after
{Heap after GC invocations=90 (full 0):
 garbage-first heap   total 250880K, used 197808K [0x0000000080000000, 0x0000000100000000)
  region size 1024K, 2 young (2048K), 2 survivors (2048K)
 Metaspace       used 103606K, committed 104704K, reserved 557056K
  class space    used 14472K, committed 15040K, reserved 425984K
}

